#
# A fatal error has been detected by the Java Runtime Environment:
#
#  Internal Error (sharedRuntime.cpp:532), pid=88065, tid=9731
#  Error: ShouldNotReachHere()
#
# JRE version: OpenJDK Runtime Environment Zulu16.28+11-CA (16.0+36) (build 16+36)
# Java VM: OpenJDK 64-Bit Server VM Zulu16.28+11-CA (16+36, mixed mode, tiered, compressed oops, g1 gc, bsd-aarch64)
# No core dump will be written. Core dumps have been disabled. To enable core dumping, try "ulimit -c unlimited" before starting Java again
#
# If you would like to submit a bug report, please visit:
#   http://www.azulsystems.com/support/
#

---------------  S U M M A R Y ------------

Command Line: -Xmx64m -Xms64m -Dorg.gradle.appname=gradlew org.gradle.wrapper.GradleWrapperMain javadoc

Host: MacBookPro17,1 arm64 1 MHz, 8 cores, 16G, Darwin 20.5.0, macOS 11.4 (20F71)
Time: Tue Jun 22 12:31:41 2021 EDT elapsed time: 0.194533 seconds (0d 0h 0m 0s)

---------------  T H R E A D  ---------------

Current thread (0x000000012b00a200):  JavaThread "main" [_thread_in_Java, id=9731, stack(0x000000016f724000,0x000000016f927000)]

Stack: [0x000000016f724000,0x000000016f927000],  sp=0x000000016f924910,  free space=2050k
Native frames: (J=compiled Java code, A=aot compiled Java code, j=interpreted, Vv=VM code, C=native code)
V  [libjvm.dylib+0x9abf04]  VMError::report_and_die(int, char const*, char const*, char*, Thread*, unsigned char*, void*, void*, char const*, int, unsigned long)+0x46c
V  [libjvm.dylib+0x9ac658]  VMError::report_and_die(Thread*, void*, char const*, int, char const*, char const*, char*)+0x40
V  [libjvm.dylib+0x2a9dd0]  report_vm_error(char const*, int, char const*, char const*, ...)+0x5c
V  [libjvm.dylib+0x2a9fa4]  report_should_not_reach_here(char const*, int)+0x2c
V  [libjvm.dylib+0x81388c]  SharedRuntime::raw_exception_handler_for_return_address(JavaThread*, unsigned char*)+0x178
V  [libjvm.dylib+0x813930]  SharedRuntime::exception_handler_for_return_address(JavaThread*, unsigned char*)+0x28
v  ~StubRoutines::forward exception
j  org.slf4j.MarkerFactory.<clinit>()V+0
v  ~StubRoutines::call_stub
V  [libjvm.dylib+0x43f718]  JavaCalls::call_helper(JavaValue*, methodHandle const&, JavaCallArguments*, Thread*)+0x30c
V  [libjvm.dylib+0x4210c0]  InstanceKlass::call_class_initializer(Thread*)+0x1e8
V  [libjvm.dylib+0x4207ec]  InstanceKlass::initialize_impl(Thread*)+0x57c
V  [libjvm.dylib+0x657ef4]  LinkResolver::resolve_static_call(CallInfo&, LinkInfo const&, bool, Thread*)+0x78
V  [libjvm.dylib+0x659ecc]  LinkResolver::resolve_invoke(CallInfo&, Handle, constantPoolHandle const&, int, Bytecodes::Code, Thread*)+0xac
V  [libjvm.dylib+0x438a34]  InterpreterRuntime::resolve_invoke(JavaThread*, Bytecodes::Code)+0x29c
V  [libjvm.dylib+0x439030]  InterpreterRuntime::resolve_from_cache(JavaThread*, Bytecodes::Code)+0x7c
j  org.gradle.api.logging.Logging.<clinit>()V+2
v  ~StubRoutines::call_stub
V  [libjvm.dylib+0x43f718]  JavaCalls::call_helper(JavaValue*, methodHandle const&, JavaCallArguments*, Thread*)+0x30c
V  [libjvm.dylib+0x4210c0]  InstanceKlass::call_class_initializer(Thread*)+0x1e8
V  [libjvm.dylib+0x4207ec]  InstanceKlass::initialize_impl(Thread*)+0x57c
V  [libjvm.dylib+0x657ef4]  LinkResolver::resolve_static_call(CallInfo&, LinkInfo const&, bool, Thread*)+0x78
V  [libjvm.dylib+0x659ecc]  LinkResolver::resolve_invoke(CallInfo&, Handle, constantPoolHandle const&, int, Bytecodes::Code, Thread*)+0xac
V  [libjvm.dylib+0x438a34]  InterpreterRuntime::resolve_invoke(JavaThread*, Bytecodes::Code)+0x29c
V  [libjvm.dylib+0x439030]  InterpreterRuntime::resolve_from_cache(JavaThread*, Bytecodes::Code)+0x7c
j  org.gradle.launcher.cli.DefaultCommandLineActionFactory$WithLogging.execute(Lorg/gradle/launcher/bootstrap/ExecutionListener;)V+346
j  org.gradle.launcher.Main.doAction([Ljava/lang/String;Lorg/gradle/launcher/bootstrap/ExecutionListener;)V+14
j  org.gradle.launcher.bootstrap.EntryPoint.run([Ljava/lang/String;)V+12
v  ~StubRoutines::call_stub
V  [libjvm.dylib+0x43f718]  JavaCalls::call_helper(JavaValue*, methodHandle const&, JavaCallArguments*, Thread*)+0x30c
V  [libjvm.dylib+0x7f1128]  invoke(InstanceKlass*, methodHandle const&, Handle, bool, objArrayHandle, BasicType, objArrayHandle, bool, Thread*)+0x914
V  [libjvm.dylib+0x7f079c]  Reflection::invoke_method(oopDesc*, Handle, objArrayHandle, Thread*)+0x150
V  [libjvm.dylib+0x4f3b34]  JVM_InvokeMethod+0x358
j  jdk.internal.reflect.NativeMethodAccessorImpl.invoke0(Ljava/lang/reflect/Method;Ljava/lang/Object;[Ljava/lang/Object;)Ljava/lang/Object;+0 java.base@16
j  jdk.internal.reflect.NativeMethodAccessorImpl.invoke(Ljava/lang/Object;[Ljava/lang/Object;)Ljava/lang/Object;+146 java.base@16
j  jdk.internal.reflect.DelegatingMethodAccessorImpl.invoke(Ljava/lang/Object;[Ljava/lang/Object;)Ljava/lang/Object;+6 java.base@16
j  java.lang.reflect.Method.invoke(Ljava/lang/Object;[Ljava/lang/Object;)Ljava/lang/Object;+59 java.base@16
j  org.gradle.launcher.bootstrap.ProcessBootstrap.runNoExit(Ljava/lang/String;[Ljava/lang/String;)V+161
j  org.gradle.launcher.bootstrap.ProcessBootstrap.run(Ljava/lang/String;[Ljava/lang/String;)V+3
j  org.gradle.launcher.GradleMain.main([Ljava/lang/String;)V+36
v  ~StubRoutines::call_stub
V  [libjvm.dylib+0x43f718]  JavaCalls::call_helper(JavaValue*, methodHandle const&, JavaCallArguments*, Thread*)+0x30c
V  [libjvm.dylib+0x7f1128]  invoke(InstanceKlass*, methodHandle const&, Handle, bool, objArrayHandle, BasicType, objArrayHandle, bool, Thread*)+0x914
V  [libjvm.dylib+0x7f079c]  Reflection::invoke_method(oopDesc*, Handle, objArrayHandle, Thread*)+0x150
V  [libjvm.dylib+0x4f3b34]  JVM_InvokeMethod+0x358
j  jdk.internal.reflect.NativeMethodAccessorImpl.invoke0(Ljava/lang/reflect/Method;Ljava/lang/Object;[Ljava/lang/Object;)Ljava/lang/Object;+0 java.base@16
j  jdk.internal.reflect.NativeMethodAccessorImpl.invoke(Ljava/lang/Object;[Ljava/lang/Object;)Ljava/lang/Object;+146 java.base@16
j  jdk.internal.reflect.DelegatingMethodAccessorImpl.invoke(Ljava/lang/Object;[Ljava/lang/Object;)Ljava/lang/Object;+6 java.base@16
j  java.lang.reflect.Method.invoke(Ljava/lang/Object;[Ljava/lang/Object;)Ljava/lang/Object;+59 java.base@16
j  org.gradle.wrapper.BootstrapMainStarter.start([Ljava/lang/String;Ljava/io/File;)V+105
j  org.gradle.wrapper.WrapperExecutor.execute([Ljava/lang/String;Lorg/gradle/wrapper/Install;Lorg/gradle/wrapper/BootstrapMainStarter;)V+14
j  org.gradle.wrapper.GradleWrapperMain.main([Ljava/lang/String;)V+187
v  ~StubRoutines::call_stub
V  [libjvm.dylib+0x43f718]  JavaCalls::call_helper(JavaValue*, methodHandle const&, JavaCallArguments*, Thread*)+0x30c
V  [libjvm.dylib+0x4a115c]  jni_invoke_static(JNIEnv_*, JavaValue*, _jobject*, JNICallType, _jmethodID*, JNI_ArgumentPusher*, Thread*)+0x120
V  [libjvm.dylib+0x4a4570]  jni_CallStaticVoidMethod+0x120
C  [libjli.dylib+0x5430]  JavaMain+0x9d4
C  [libjli.dylib+0x778c]  ThreadJavaMain+0xc
C  [libsystem_pthread.dylib+0x7878]  _pthread_start+0x140


---------------  P R O C E S S  ---------------

Threads class SMR info:
_java_thread_list=0x000000012a67f9a0, length=12, elements={
0x000000012b00a200, 0x000000012b069800, 0x000000012b06c000, 0x000000012b070a00,
0x000000011f80a400, 0x000000011f80aa00, 0x000000011f80b000, 0x000000011f80b600,
0x000000012806aa00, 0x000000012b070400, 0x000000012b077800, 0x000000012a96b400
}

Java Threads: ( => current thread )
=>0x000000012b00a200 JavaThread "main" [_thread_in_Java, id=9731, stack(0x000000016f724000,0x000000016f927000)]
  0x000000012b069800 JavaThread "Reference Handler" daemon [_thread_blocked, id=15363, stack(0x0000000170578000,0x000000017077b000)]
  0x000000012b06c000 JavaThread "Finalizer" daemon [_thread_blocked, id=17155, stack(0x0000000170784000,0x0000000170987000)]
  0x000000012b070a00 JavaThread "Signal Dispatcher" daemon [_thread_blocked, id=42499, stack(0x0000000170aa8000,0x0000000170cab000)]
  0x000000011f80a400 JavaThread "Service Thread" daemon [_thread_blocked, id=22531, stack(0x0000000170cb4000,0x0000000170eb7000)]
  0x000000011f80aa00 JavaThread "Monitor Deflation Thread" daemon [_thread_blocked, id=22787, stack(0x0000000170ec0000,0x00000001710c3000)]
  0x000000011f80b000 JavaThread "C2 CompilerThread0" daemon [_thread_in_native, id=41731, stack(0x00000001710cc000,0x00000001712cf000)]
  0x000000011f80b600 JavaThread "C1 CompilerThread0" daemon [_thread_blocked, id=41219, stack(0x00000001712d8000,0x00000001714db000)]
  0x000000012806aa00 JavaThread "Sweeper thread" daemon [_thread_blocked, id=40963, stack(0x00000001714e4000,0x00000001716e7000)]
  0x000000012b070400 JavaThread "Notification Thread" daemon [_thread_blocked, id=23555, stack(0x00000001716f0000,0x00000001718f3000)]
  0x000000012b077800 JavaThread "Common-Cleaner" daemon [_thread_blocked, id=23811, stack(0x0000000171b08000,0x0000000171d0b000)]
  0x000000012a96b400 JavaThread "pool-1-thread-1" [_thread_blocked, id=39939, stack(0x0000000171d14000,0x0000000171f17000)]

Other Threads:
  0x000000012b82df70 VMThread "VM Thread" [stack: 0x000000017036c000,0x000000017056f000] [id=14851]
  0x000000012a77cc40 WatcherThread [stack: 0x00000001718fc000,0x0000000171aff000] [id=40451]
  0x000000012a71e1f0 GCTaskThread "GC Thread#0" [stack: 0x000000016f930000,0x000000016fb33000] [id=12291]
  0x000000012a6167e0 ConcurrentGCThread "G1 Main Marker" [stack: 0x000000016fb3c000,0x000000016fd3f000] [id=19715]
  0x000000012a71ed10 ConcurrentGCThread "G1 Conc#0" [stack: 0x000000016fd48000,0x000000016ff4b000] [id=19203]
  0x000000012a72e0e0 ConcurrentGCThread "G1 Refine#0" [stack: 0x000000016ff54000,0x0000000170157000] [id=13571]
  0x000000012a72efa0 ConcurrentGCThread "G1 Service" [stack: 0x0000000170160000,0x0000000170363000] [id=18691]

Threads with active compile tasks:
C2 CompilerThread0      202  670       4       java.util.concurrent.ConcurrentHashMap::setTabAt (20 bytes)

VM state: not at safepoint (normal execution)

VM Mutex/Monitor currently owned by a thread: None

Heap address: 0x00000007bc000000, size: 64 MB, Compressed Oops mode: Zero based, Oop shift amount: 3
Compressed class space mapped at: 0x0000000300000000-0x0000000340000000, reserved size: 1073741824
Narrow klass base: 0x0000000000000000, Narrow klass shift: 3, Narrow klass range: 0x340000000

GC Precious Log:
 CPUs: 8 total, 8 available
 Memory: 16384M
 Large Page Support: Disabled
 NUMA Support: Disabled
 Compressed Oops: Enabled (Zero based)
 Heap Region Size: 1M
 Heap Min Capacity: 64M
 Heap Initial Capacity: 64M
 Heap Max Capacity: 64M
 Pre-touch: Disabled
 Parallel Workers: 8
 Concurrent Workers: 2
 Concurrent Refinement Workers: 8
 Periodic GC: Disabled

Heap:
 garbage-first heap   total 65536K, used 23552K [0x00000007bc000000, 0x00000007c0000000)
  region size 1024K, 19 young (19456K), 0 survivors (0K)
 Metaspace       used 9533K, committed 9728K, reserved 1064960K
  class space    used 1066K, committed 1152K, reserved 1048576K

Heap Regions: E=young(eden), S=young(survivor), O=old, HS=humongous(starts), HC=humongous(continues), CS=collection set, F=free, OA=open archive, CA=closed archive, TAMS=top-at-mark-start (previous, next)
|   0|0x00000007bc000000, 0x00000007bc100000, 0x00000007bc100000|100%|HS|  |TAMS 0x00000007bc000000, 0x00000007bc000000| Complete 
|   1|0x00000007bc100000, 0x00000007bc200000, 0x00000007bc200000|100%|HC|  |TAMS 0x00000007bc100000, 0x00000007bc100000| Complete 
|   2|0x00000007bc200000, 0x00000007bc300000, 0x00000007bc300000|100%|HC|  |TAMS 0x00000007bc200000, 0x00000007bc200000| Complete 
|   3|0x00000007bc300000, 0x00000007bc400000, 0x00000007bc400000|100%|HS|  |TAMS 0x00000007bc300000, 0x00000007bc300000| Complete 
|   4|0x00000007bc400000, 0x00000007bc500000, 0x00000007bc500000|100%|HC|  |TAMS 0x00000007bc400000, 0x00000007bc400000| Complete 
|   5|0x00000007bc500000, 0x00000007bc600000, 0x00000007bc600000|100%|HC|  |TAMS 0x00000007bc500000, 0x00000007bc500000| Complete 
|   6|0x00000007bc600000, 0x00000007bc600000, 0x00000007bc700000|  0%| F|  |TAMS 0x00000007bc600000, 0x00000007bc600000| Untracked 
|   7|0x00000007bc700000, 0x00000007bc700000, 0x00000007bc800000|  0%| F|  |TAMS 0x00000007bc700000, 0x00000007bc700000| Untracked 
|   8|0x00000007bc800000, 0x00000007bc800000, 0x00000007bc900000|  0%| F|  |TAMS 0x00000007bc800000, 0x00000007bc800000| Untracked 
|   9|0x00000007bc900000, 0x00000007bc900000, 0x00000007bca00000|  0%| F|  |TAMS 0x00000007bc900000, 0x00000007bc900000| Untracked 
|  10|0x00000007bca00000, 0x00000007bca00000, 0x00000007bcb00000|  0%| F|  |TAMS 0x00000007bca00000, 0x00000007bca00000| Untracked 
|  11|0x00000007bcb00000, 0x00000007bcb00000, 0x00000007bcc00000|  0%| F|  |TAMS 0x00000007bcb00000, 0x00000007bcb00000| Untracked 
|  12|0x00000007bcc00000, 0x00000007bcc00000, 0x00000007bcd00000|  0%| F|  |TAMS 0x00000007bcc00000, 0x00000007bcc00000| Untracked 
|  13|0x00000007bcd00000, 0x00000007bcd00000, 0x00000007bce00000|  0%| F|  |TAMS 0x00000007bcd00000, 0x00000007bcd00000| Untracked 
|  14|0x00000007bce00000, 0x00000007bce00000, 0x00000007bcf00000|  0%| F|  |TAMS 0x00000007bce00000, 0x00000007bce00000| Untracked 
|  15|0x00000007bcf00000, 0x00000007bcf00000, 0x00000007bd000000|  0%| F|  |TAMS 0x00000007bcf00000, 0x00000007bcf00000| Untracked 
|  16|0x00000007bd000000, 0x00000007bd000000, 0x00000007bd100000|  0%| F|  |TAMS 0x00000007bd000000, 0x00000007bd000000| Untracked 
|  17|0x00000007bd100000, 0x00000007bd100000, 0x00000007bd200000|  0%| F|  |TAMS 0x00000007bd100000, 0x00000007bd100000| Untracked 
|  18|0x00000007bd200000, 0x00000007bd200000, 0x00000007bd300000|  0%| F|  |TAMS 0x00000007bd200000, 0x00000007bd200000| Untracked 
|  19|0x00000007bd300000, 0x00000007bd300000, 0x00000007bd400000|  0%| F|  |TAMS 0x00000007bd300000, 0x00000007bd300000| Untracked 
|  20|0x00000007bd400000, 0x00000007bd400000, 0x00000007bd500000|  0%| F|  |TAMS 0x00000007bd400000, 0x00000007bd400000| Untracked 
|  21|0x00000007bd500000, 0x00000007bd500000, 0x00000007bd600000|  0%| F|  |TAMS 0x00000007bd500000, 0x00000007bd500000| Untracked 
|  22|0x00000007bd600000, 0x00000007bd600000, 0x00000007bd700000|  0%| F|  |TAMS 0x00000007bd600000, 0x00000007bd600000| Untracked 
|  23|0x00000007bd700000, 0x00000007bd700000, 0x00000007bd800000|  0%| F|  |TAMS 0x00000007bd700000, 0x00000007bd700000| Untracked 
|  24|0x00000007bd800000, 0x00000007bd800000, 0x00000007bd900000|  0%| F|  |TAMS 0x00000007bd800000, 0x00000007bd800000| Untracked 
|  25|0x00000007bd900000, 0x00000007bd900000, 0x00000007bda00000|  0%| F|  |TAMS 0x00000007bd900000, 0x00000007bd900000| Untracked 
|  26|0x00000007bda00000, 0x00000007bda00000, 0x00000007bdb00000|  0%| F|  |TAMS 0x00000007bda00000, 0x00000007bda00000| Untracked 
|  27|0x00000007bdb00000, 0x00000007bdb00000, 0x00000007bdc00000|  0%| F|  |TAMS 0x00000007bdb00000, 0x00000007bdb00000| Untracked 
|  28|0x00000007bdc00000, 0x00000007bdc00000, 0x00000007bdd00000|  0%| F|  |TAMS 0x00000007bdc00000, 0x00000007bdc00000| Untracked 
|  29|0x00000007bdd00000, 0x00000007bdd00000, 0x00000007bde00000|  0%| F|  |TAMS 0x00000007bdd00000, 0x00000007bdd00000| Untracked 
|  30|0x00000007bde00000, 0x00000007bde00000, 0x00000007bdf00000|  0%| F|  |TAMS 0x00000007bde00000, 0x00000007bde00000| Untracked 
|  31|0x00000007bdf00000, 0x00000007bdf00000, 0x00000007be000000|  0%| F|  |TAMS 0x00000007bdf00000, 0x00000007bdf00000| Untracked 
|  32|0x00000007be000000, 0x00000007be000000, 0x00000007be100000|  0%| F|  |TAMS 0x00000007be000000, 0x00000007be000000| Untracked 
|  33|0x00000007be100000, 0x00000007be100000, 0x00000007be200000|  0%| F|  |TAMS 0x00000007be100000, 0x00000007be100000| Untracked 
|  34|0x00000007be200000, 0x00000007be200000, 0x00000007be300000|  0%| F|  |TAMS 0x00000007be200000, 0x00000007be200000| Untracked 
|  35|0x00000007be300000, 0x00000007be300000, 0x00000007be400000|  0%| F|  |TAMS 0x00000007be300000, 0x00000007be300000| Untracked 
|  36|0x00000007be400000, 0x00000007be400000, 0x00000007be500000|  0%| F|  |TAMS 0x00000007be400000, 0x00000007be400000| Untracked 
|  37|0x00000007be500000, 0x00000007be500000, 0x00000007be600000|  0%| F|  |TAMS 0x00000007be500000, 0x00000007be500000| Untracked 
|  38|0x00000007be600000, 0x00000007be600000, 0x00000007be700000|  0%| F|  |TAMS 0x00000007be600000, 0x00000007be600000| Untracked 
|  39|0x00000007be700000, 0x00000007be700000, 0x00000007be800000|  0%| F|  |TAMS 0x00000007be700000, 0x00000007be700000| Untracked 
|  40|0x00000007be800000, 0x00000007be800000, 0x00000007be900000|  0%| F|  |TAMS 0x00000007be800000, 0x00000007be800000| Untracked 
|  41|0x00000007be900000, 0x00000007be900000, 0x00000007bea00000|  0%| F|  |TAMS 0x00000007be900000, 0x00000007be900000| Untracked 
|  42|0x00000007bea00000, 0x00000007bea00000, 0x00000007beb00000|  0%| F|  |TAMS 0x00000007bea00000, 0x00000007bea00000| Untracked 
|  43|0x00000007beb00000, 0x00000007beb00000, 0x00000007bec00000|  0%| F|  |TAMS 0x00000007beb00000, 0x00000007beb00000| Untracked 
|  44|0x00000007bec00000, 0x00000007bec00000, 0x00000007bed00000|  0%| F|  |TAMS 0x00000007bec00000, 0x00000007bec00000| Untracked 
|  45|0x00000007bed00000, 0x00000007bed762b8, 0x00000007bee00000| 46%| E|  |TAMS 0x00000007bed00000, 0x00000007bed00000| Complete 
|  46|0x00000007bee00000, 0x00000007bef00000, 0x00000007bef00000|100%| E|CS|TAMS 0x00000007bee00000, 0x00000007bee00000| Complete 
|  47|0x00000007bef00000, 0x00000007bf000000, 0x00000007bf000000|100%| E|CS|TAMS 0x00000007bef00000, 0x00000007bef00000| Complete 
|  48|0x00000007bf000000, 0x00000007bf100000, 0x00000007bf100000|100%| E|CS|TAMS 0x00000007bf000000, 0x00000007bf000000| Complete 
|  49|0x00000007bf100000, 0x00000007bf200000, 0x00000007bf200000|100%| E|CS|TAMS 0x00000007bf100000, 0x00000007bf100000| Complete 
|  50|0x00000007bf200000, 0x00000007bf300000, 0x00000007bf300000|100%| E|CS|TAMS 0x00000007bf200000, 0x00000007bf200000| Complete 
|  51|0x00000007bf300000, 0x00000007bf400000, 0x00000007bf400000|100%| E|CS|TAMS 0x00000007bf300000, 0x00000007bf300000| Complete 
|  52|0x00000007bf400000, 0x00000007bf500000, 0x00000007bf500000|100%| E|  |TAMS 0x00000007bf400000, 0x00000007bf400000| Complete 
|  53|0x00000007bf500000, 0x00000007bf600000, 0x00000007bf600000|100%| E|CS|TAMS 0x00000007bf500000, 0x00000007bf500000| Complete 
|  54|0x00000007bf600000, 0x00000007bf700000, 0x00000007bf700000|100%| E|CS|TAMS 0x00000007bf600000, 0x00000007bf600000| Complete 
|  55|0x00000007bf700000, 0x00000007bf800000, 0x00000007bf800000|100%| E|CS|TAMS 0x00000007bf700000, 0x00000007bf700000| Complete 
|  56|0x00000007bf800000, 0x00000007bf900000, 0x00000007bf900000|100%| E|CS|TAMS 0x00000007bf800000, 0x00000007bf800000| Complete 
|  57|0x00000007bf900000, 0x00000007bfa00000, 0x00000007bfa00000|100%| E|CS|TAMS 0x00000007bf900000, 0x00000007bf900000| Complete 
|  58|0x00000007bfa00000, 0x00000007bfb00000, 0x00000007bfb00000|100%| E|CS|TAMS 0x00000007bfa00000, 0x00000007bfa00000| Complete 
|  59|0x00000007bfb00000, 0x00000007bfc00000, 0x00000007bfc00000|100%| E|CS|TAMS 0x00000007bfb00000, 0x00000007bfb00000| Complete 
|  60|0x00000007bfc00000, 0x00000007bfd00000, 0x00000007bfd00000|100%| E|CS|TAMS 0x00000007bfc00000, 0x00000007bfc00000| Complete 
|  61|0x00000007bfd00000, 0x00000007bfe00000, 0x00000007bfe00000|100%| E|CS|TAMS 0x00000007bfd00000, 0x00000007bfd00000| Complete 
|  62|0x00000007bfe00000, 0x00000007bff00000, 0x00000007bff00000|100%| E|CS|TAMS 0x00000007bfe00000, 0x00000007bfe00000| Complete 
|  63|0x00000007bff00000, 0x00000007c0000000, 0x00000007c0000000|100%| E|CS|TAMS 0x00000007bff00000, 0x00000007bff00000| Complete 

Card table byte_map: [0x00000001008a8000,0x00000001008c8000] _byte_map_base: 0x00000000fcac8000

Marking Bits (Prev, Next): (CMBitMap*) 0x000000012a80d010, (CMBitMap*) 0x000000012a80d050
 Prev Bits: [0x0000000100bc8000, 0x0000000100cc8000)
 Next Bits: [0x0000000100cc8000, 0x0000000100dc8000)

Polling page: 0x00000001007f8000

Metaspace:

Usage:
  Non-class:      8.27 MB used.
      Class:      1.04 MB used.
       Both:      9.31 MB used.

Virtual space:
  Non-class space:       16.00 MB reserved,       8.38 MB ( 52%) committed,  2 nodes.
      Class space:        1.00 GB reserved,       1.12 MB ( <1%) committed,  1 nodes.
              Both:        1.02 GB reserved,       9.50 MB ( <1%) committed. 

Chunk freelists:
   Non-Class:  3.52 MB
       Class:  2.70 MB
        Both:  6.22 MB

MaxMetaspaceSize: 17179869184.00 GB
CompressedClassSpaceSize: 1.00 GB
 - commit_granule_bytes: 65536.
 - commit_granule_words: 8192.
 - virtual_space_node_default_size: 1048576.
 - enlarge_chunks_in_place: 1.
 - new_chunks_are_fully_committed: 0.
 - uncommit_free_chunks: 1.
 - use_allocation_guard: 0.
 - handle_deallocations: 1.


Internal statistics:

num_allocs_failed_limit: 0.
num_arena_births: 88.
num_arena_deaths: 0.
num_vsnodes_births: 3.
num_vsnodes_deaths: 0.
num_space_committed: 152.
num_space_uncommitted: 0.
num_chunks_returned_to_freelist: 0.
num_chunks_taken_from_freelist: 185.
num_chunk_merges: 0.
num_chunk_splits: 122.
num_chunks_enlarged: 98.
num_purges: 0.

CodeHeap 'non-profiled nmethods': size=120032Kb used=220Kb max_used=220Kb free=119812Kb
 bounds [0x000000011353c000, 0x00000001137ac000, 0x000000011aa74000]
CodeHeap 'profiled nmethods': size=120016Kb used=1510Kb max_used=1510Kb free=118506Kb
 bounds [0x000000010c008000, 0x000000010c278000, 0x000000011353c000]
CodeHeap 'non-nmethods': size=5712Kb used=1087Kb max_used=1127Kb free=4624Kb
 bounds [0x000000010ba74000, 0x000000010bce4000, 0x000000010c008000]
 total_blobs=1108 nmethods=714 adapters=311
 compilation: enabled
              stopped_count=0, restarted_count=0
 full_count=0

Compilation events (20 events):
Event: 0.192 Thread 0x000000011f80b600  720       3       sun.invoke.util.Wrapper::findPrimitiveType (25 bytes)
Event: 0.192 Thread 0x000000011f80b600 nmethod 720 0x000000010c17da10 code [0x000000010c17dd40, 0x000000010c17e918]
Event: 0.192 Thread 0x000000011f80b600  721       3       java.util.Arrays::equals (57 bytes)
Event: 0.192 Thread 0x000000011f80b600 nmethod 721 0x000000010c17ed90 code [0x000000010c17efc0, 0x000000010c17f598]
Event: 0.192 Thread 0x000000011f80b600  722       1       java.lang.reflect.Method::getReturnType (5 bytes)
Event: 0.192 Thread 0x000000011f80b600 nmethod 722 0x000000011356e810 code [0x000000011356e980, 0x000000011356ea68]
Event: 0.192 Thread 0x000000011f80b600  723       1       java.lang.reflect.Method::getModifiers (5 bytes)
Event: 0.192 Thread 0x000000011f80b600 nmethod 723 0x000000011356eb10 code [0x000000011356ec80, 0x000000011356ed68]
Event: 0.193 Thread 0x000000011f80b600  725       3       java.nio.ByteOrder::nativeOrder (4 bytes)
Event: 0.193 Thread 0x000000011f80b600 nmethod 725 0x000000010c17f790 code [0x000000010c17f940, 0x000000010c17fa28]
Event: 0.193 Thread 0x000000011f80b600  726       3       java.nio.MappedByteBuffer::position (8 bytes)
Event: 0.193 Thread 0x000000011f80b600 nmethod 726 0x000000010c17fa90 code [0x000000010c17fc40, 0x000000010c17fe58]
Event: 0.193 Thread 0x000000011f80b600  728       3       java.nio.ByteBuffer::<init> (47 bytes)
Event: 0.193 Thread 0x000000011f80b600 nmethod 728 0x000000010c17ff90 code [0x000000010c180140, 0x000000010c1803d8]
Event: 0.193 Thread 0x000000011f80b600  727       3       jdk.internal.module.ModuleReferenceImpl::hashCode (56 bytes)
Event: 0.193 Thread 0x000000011f80b600 nmethod 727 0x000000010c180510 code [0x000000010c180740, 0x000000010c180c78]
Event: 0.193 Thread 0x000000011f80b600  724       1       jdk.internal.jimage.ImageHeader::getTableLength (5 bytes)
Event: 0.193 Thread 0x000000011f80b600 nmethod 724 0x000000011356ee10 code [0x000000011356ef80, 0x000000011356f068]
Event: 0.194 Thread 0x000000011f80b600  730   !   2       jdk.internal.loader.URLClassPath$JarLoader::getResource (65 bytes)
Event: 0.194 Thread 0x000000011f80b600 nmethod 730 0x000000010c180e90 code [0x000000010c1810c0, 0x000000010c181598]

GC Heap History (0 events):
No events

Deoptimization events (20 events):
Event: 0.180 Thread 0x000000012b00a200 DEOPT PACKING pc=0x0000000113554d3c sp=0x000000016f9255b0
Event: 0.180 Thread 0x000000012b00a200 DEOPT UNPACKING pc=0x000000010baadd9c sp=0x000000016f925550 mode 2
Event: 0.180 Thread 0x000000012b00a200 Uncommon trap: trap_request=0xffffffde fr.pc=0x0000000113554d3c relative=0x00000000000003bc
Event: 0.180 Thread 0x000000012b00a200 Uncommon trap: reason=class_check action=maybe_recompile pc=0x0000000113554d3c method=java.util.regex.Matcher.match(II)Z @ 121 c2
Event: 0.180 Thread 0x000000012b00a200 DEOPT PACKING pc=0x0000000113554d3c sp=0x000000016f9255b0
Event: 0.180 Thread 0x000000012b00a200 DEOPT UNPACKING pc=0x000000010baadd9c sp=0x000000016f925550 mode 2
Event: 0.180 Thread 0x000000012b00a200 Uncommon trap: trap_request=0xffffffde fr.pc=0x0000000113554d3c relative=0x00000000000003bc
Event: 0.180 Thread 0x000000012b00a200 Uncommon trap: reason=class_check action=maybe_recompile pc=0x0000000113554d3c method=java.util.regex.Matcher.match(II)Z @ 121 c2
Event: 0.180 Thread 0x000000012b00a200 DEOPT PACKING pc=0x0000000113554d3c sp=0x000000016f9255b0
Event: 0.180 Thread 0x000000012b00a200 DEOPT UNPACKING pc=0x000000010baadd9c sp=0x000000016f925550 mode 2
Event: 0.180 Thread 0x000000012b00a200 Uncommon trap: trap_request=0xffffffde fr.pc=0x0000000113554d3c relative=0x00000000000003bc
Event: 0.180 Thread 0x000000012b00a200 Uncommon trap: reason=class_check action=maybe_recompile pc=0x0000000113554d3c method=java.util.regex.Matcher.match(II)Z @ 121 c2
Event: 0.180 Thread 0x000000012b00a200 DEOPT PACKING pc=0x0000000113554d3c sp=0x000000016f9255b0
Event: 0.180 Thread 0x000000012b00a200 DEOPT UNPACKING pc=0x000000010baadd9c sp=0x000000016f925550 mode 2
Event: 0.187 Thread 0x000000012b00a200 DEOPT PACKING pc=0x000000010c050490 sp=0x000000016f924b20
Event: 0.187 Thread 0x000000012b00a200 DEOPT UNPACKING pc=0x000000010baadbfc sp=0x000000016f924930 mode 3
Event: 0.190 Thread 0x000000012b00a200 DEOPT PACKING pc=0x000000010c066858 sp=0x000000016f922c80
Event: 0.190 Thread 0x000000012b00a200 DEOPT UNPACKING pc=0x000000010baadbfc sp=0x000000016f9229e0 mode 0
Event: 0.193 Thread 0x000000012b00a200 DEOPT PACKING pc=0x000000010c0a398c sp=0x000000016f924ec0
Event: 0.193 Thread 0x000000012b00a200 DEOPT UNPACKING pc=0x000000010baadbfc sp=0x000000016f924cf0 mode 3

Classes unloaded (0 events):
No events

Classes redefined (0 events):
No events

Internal exceptions (20 events):
Event: 0.056 Thread 0x000000012b00a200 Exception <a 'java/lang/NoSuchMethodError'{0x00000007bfe90d08}: 'java.lang.Object java.lang.invoke.DirectMethodHandle$Holder.invokeStatic(java.lang.Object, java.lang.Object, java.lang.Object, java.lang.Object)'> (0x00000007bfe90d08) 
thrown [src/hotspot/share/interpreter/linkResolver.cpp, line 790]
Event: 0.056 Thread 0x000000012b00a200 Exception <a 'java/lang/NoSuchMethodError'{0x00000007bfe95120}: 'java.lang.Object java.lang.invoke.DirectMethodHandle$Holder.getReference(java.lang.Object, java.lang.Object)'> (0x00000007bfe95120) 
thrown [src/hotspot/share/interpreter/linkResolver.cpp, line 790]
Event: 0.056 Thread 0x000000012b00a200 Exception <a 'java/lang/NoSuchMethodError'{0x00000007bfe993b0}: 'java.lang.Object java.lang.invoke.LambdaForm$Holder.identity_L(java.lang.Object, java.lang.Object)'> (0x00000007bfe993b0) 
thrown [src/hotspot/share/interpreter/linkResolver.cpp, line 790]
Event: 0.057 Thread 0x000000012b00a200 Exception <a 'java/lang/NoSuchMethodError'{0x00000007bfe9c2f0}: 'java.lang.Object java.lang.invoke.LambdaForm$Holder.zero_L(java.lang.Object)'> (0x00000007bfe9c2f0) 
thrown [src/hotspot/share/interpreter/linkResolver.cpp, line 790]
Event: 0.058 Thread 0x000000012b00a200 Exception <a 'java/lang/NoSuchMethodError'{0x00000007bfea2a58}: 'java.lang.Object java.lang.invoke.DirectMethodHandle$Holder.invokeSpecial(java.lang.Object, java.lang.Object)'> (0x00000007bfea2a58) 
thrown [src/hotspot/share/interpreter/linkResolver.cpp, line 790]
Event: 0.058 Thread 0x000000012b00a200 Exception <a 'java/lang/NoSuchMethodError'{0x00000007bfea6338}: 'java.lang.Object java.lang.invoke.Invokers$Holder.linkToTargetMethod(java.lang.Object)'> (0x00000007bfea6338) 
thrown [src/hotspot/share/interpreter/linkResolver.cpp, line 790]
Event: 0.089 Thread 0x000000012b00a200 Exception <a 'java/lang/NoSuchMethodError'{0x00000007bfb356e8}: 'java.lang.Object java.lang.invoke.DirectMethodHandle$Holder.newInvokeSpecial(java.lang.Object, java.lang.Object)'> (0x00000007bfb356e8) 
thrown [src/hotspot/share/interpreter/linkResolver.cpp, line 790]
Event: 0.089 Thread 0x000000012b00a200 Exception <a 'java/lang/NoSuchMethodError'{0x00000007bfb39630}: 'java.lang.Object java.lang.invoke.DirectMethodHandle$Holder.invokeSpecial(java.lang.Object, java.lang.Object, java.lang.Object)'> (0x00000007bfb39630) 
thrown [src/hotspot/share/interpreter/linkResolver.cpp, line 790]
Event: 0.090 Thread 0x000000012b00a200 Exception <a 'java/lang/NoSuchMethodError'{0x00000007bfb3cdc0}: 'java.lang.Object java.lang.invoke.Invokers$Holder.linkToTargetMethod(java.lang.Object, java.lang.Object)'> (0x00000007bfb3cdc0) 
thrown [src/hotspot/share/interpreter/linkResolver.cpp, line 790]
Event: 0.153 Thread 0x000000012b00a200 Exception <a 'java/lang/NoSuchMethodError'{0x00000007bf2135d0}: 'java.lang.Object java.lang.invoke.DirectMethodHandle$Holder.invokeStatic(java.lang.Object, java.lang.Object)'> (0x00000007bf2135d0) 
thrown [src/hotspot/share/interpreter/linkResolver.cpp, line 790]
Event: 0.163 Thread 0x000000012b00a200 Exception <a 'java/lang/NoSuchMethodError'{0x00000007bf10f0d8}: 'java.lang.Object java.lang.invoke.DirectMethodHandle$Holder.invokeStatic(java.lang.Object, java.lang.Object, java.lang.Object, java.lang.Object, java.lang.Object, java.lang.Object)'> (0x00000007bf10f0d8) 
thrown [src/hotspot/share/interpreter/linkResolver.cpp, line 790]
Event: 0.163 Thread 0x000000012b00a200 Exception <a 'java/lang/NoSuchMethodError'{0x00000007bf1137e8}: 'java.lang.Object java.lang.invoke.DirectMethodHandle$Holder.invokeSpecial(java.lang.Object, java.lang.Object, java.lang.Object, java.lang.Object, java.lang.Object, java.lang.Object, java.lang.Object)'> (0x00000007bf1137e8) 
thrown [src/hotspot/share/interpreter/linkResolver.cpp, line 790]
Event: 0.163 Thread 0x000000012b00a200 Exception <a 'java/lang/NoSuchMethodError'{0x00000007bf117e18}: 'java.lang.Object java.lang.invoke.DelegatingMethodHandle$Holder.delegate(java.lang.Object, java.lang.Object, java.lang.Object, java.lang.Object, java.lang.Object, java.lang.Object)'> (0x00000007bf117e18) 
thrown [src/hotspot/share/interpreter/linkResolver.cpp, line 790]
Event: 0.163 Thread 0x000000012b00a200 Exception <a 'java/lang/NoSuchMethodError'{0x00000007bf11c2e8}: 'java.lang.Object java.lang.invoke.Invokers$Holder.invokeExact_MT(java.lang.Object, java.lang.Object, java.lang.Object, java.lang.Object, java.lang.Object, java.lang.Object, java.lang.Object)'> (0x00000007bf11c2e8) 
thrown [src/hotspot/share/interpreter/linkResolver.cpp, line 790]
Event: 0.164 Thread 0x000000012b00a200 Exception <a 'java/lang/NoSuchMethodError'{0x00000007bf133230}: 'java.lang.Object java.lang.invoke.DirectMethodHandle$Holder.invokeStatic(java.lang.Object, java.lang.Object, java.lang.Object, java.lang.Object, java.lang.Object)'> (0x00000007bf133230) 
thrown [src/hotspot/share/interpreter/linkResolver.cpp, line 790]
Event: 0.166 Thread 0x000000012b00a200 Exception <a 'java/lang/NoSuchMethodError'{0x00000007bf1472a8}: 'int java.lang.invoke.DirectMethodHandle$Holder.invokeSpecial(java.lang.Object, java.lang.Object)'> (0x00000007bf1472a8) 
thrown [src/hotspot/share/interpreter/linkResolver.cpp, line 790]
Event: 0.167 Thread 0x000000012b00a200 Exception <a 'java/lang/NoSuchMethodError'{0x00000007bf14d700}: 'java.lang.Object java.lang.invoke.DirectMethodHandle$Holder.newInvokeSpecial(java.lang.Object)'> (0x00000007bf14d700) 
thrown [src/hotspot/share/interpreter/linkResolver.cpp, line 790]
Event: 0.185 Thread 0x000000012b00a200 Exception <a 'java/lang/NoSuchMethodError'{0x00000007befd05a0}: 'java.lang.Object java.lang.invoke.DirectMethodHandle$Holder.invokeVirtual(java.lang.Object, java.lang.Object, java.lang.Object, java.lang.Object, java.lang.Object)'> (0x00000007befd05a0) 
thrown [src/hotspot/share/interpreter/linkResolver.cpp, line 790]
Event: 0.185 Thread 0x000000012b00a200 Exception <a 'java/lang/NoSuchMethodError'{0x00000007befd42f0}: 'java.lang.Object java.lang.invoke.DirectMethodHandle$Holder.invokeVirtual(java.lang.Object, java.lang.Object)'> (0x00000007befd42f0) 
thrown [src/hotspot/share/interpreter/linkResolver.cpp, line 790]
Event: 0.194 Thread 0x000000012b00a200 Exception <a 'java/lang/NoClassDefFoundError'{0x00000007bed034b8}: org/slf4j/impl/StaticMarkerBinder> (0x00000007bed034b8) 
thrown [src/hotspot/share/classfile/systemDictionary.cpp, line 245]

Events (20 events):
Event: 0.193 loading class java/util/regex/Pattern$Prolog
Event: 0.193 loading class java/util/regex/Pattern$Prolog done
Event: 0.193 loading class java/net/URLClassLoader$2
Event: 0.193 loading class java/net/URLClassLoader$2 done
Event: 0.193 loading class sun/net/www/protocol/jar/JarURLConnection
Event: 0.193 loading class java/net/JarURLConnection
Event: 0.193 loading class java/net/JarURLConnection done
Event: 0.193 loading class sun/net/www/protocol/jar/JarURLConnection done
Event: 0.193 loading class sun/net/www/protocol/jar/JarFileFactory
Event: 0.193 loading class sun/net/www/protocol/jar/URLJarFile$URLJarFileCloseController
Event: 0.193 loading class sun/net/www/protocol/jar/URLJarFile$URLJarFileCloseController done
Event: 0.193 loading class sun/net/www/protocol/jar/JarFileFactory done
Event: 0.193 loading class sun/net/www/protocol/jar/URLJarFile
Event: 0.193 loading class sun/net/www/protocol/jar/URLJarFile done
Event: 0.193 Executing  VM operation: HandshakeAllThreads
Event: 0.193 Executing  VM operation: HandshakeAllThreads done
Event: 0.194 loading class sun/net/www/protocol/jar/URLJarFile$URLJarFileEntry
Event: 0.194 loading class sun/net/www/protocol/jar/URLJarFile$URLJarFileEntry done
Event: 0.194 loading class sun/net/www/protocol/jar/JarURLConnection$JarURLInputStream
Event: 0.194 loading class sun/net/www/protocol/jar/JarURLConnection$JarURLInputStream done


Dynamic libraries:
0x000000019a599000 	/usr/lib/libz.1.dylib
0x0000000100798000 	/Library/Java/JavaVirtualMachines/zulu-16.jre/Contents/Home/lib/libjli.dylib
0x00000001a4aa3000 	/System/Library/Frameworks/Cocoa.framework/Versions/A/Cocoa
0x00000001929e6000 	/System/Library/Frameworks/Security.framework/Versions/A/Security
0x00000001a2e11000 	/System/Library/Frameworks/ApplicationServices.framework/Versions/A/ApplicationServices
0x000000019a63f000 	/usr/lib/libSystem.B.dylib
0x000000019a639000 	/usr/lib/system/libcache.dylib
0x000000019a5f8000 	/usr/lib/system/libcommonCrypto.dylib
0x000000019a622000 	/usr/lib/system/libcompiler_rt.dylib
0x000000019a619000 	/usr/lib/system/libcopyfile.dylib
0x000000019095c000 	/usr/lib/system/libcorecrypto.dylib
0x00000001909fc000 	/usr/lib/system/libdispatch.dylib
0x0000000190bb5000 	/usr/lib/system/libdyld.dylib
0x000000019a62f000 	/usr/lib/system/libkeymgr.dylib
0x000000019da60000 	/usr/lib/system/liblaunch.dylib
0x000000019a5da000 	/usr/lib/system/libmacho.dylib
0x0000000199e4c000 	/usr/lib/system/libquarantine.dylib
0x000000019a62c000 	/usr/lib/system/libremovefile.dylib
0x0000000195442000 	/usr/lib/system/libsystem_asl.dylib
0x000000019090a000 	/usr/lib/system/libsystem_blocks.dylib
0x0000000190a7e000 	/usr/lib/system/libsystem_c.dylib
0x000000019a626000 	/usr/lib/system/libsystem_collections.dylib
0x0000000199486000 	/usr/lib/system/libsystem_configuration.dylib
0x0000000198809000 	/usr/lib/system/libsystem_containermanager.dylib
0x000000019a3af000 	/usr/lib/system/libsystem_coreservices.dylib
0x0000000192fbd000 	/usr/lib/system/libsystem_darwin.dylib
0x000000019a630000 	/usr/lib/system/libsystem_dnssd.dylib
0x0000000190a7b000 	/usr/lib/system/libsystem_featureflags.dylib
0x0000000190bfe000 	/usr/lib/system/libsystem_info.dylib
0x000000019a5ab000 	/usr/lib/system/libsystem_m.dylib
0x00000001909d0000 	/usr/lib/system/libsystem_malloc.dylib
0x00000001953dd000 	/usr/lib/system/libsystem_networkextension.dylib
0x0000000193400000 	/usr/lib/system/libsystem_notify.dylib
0x000000019ff0e000 	/usr/lib/system/libsystem_product_info_filter.dylib
0x000000019948b000 	/usr/lib/system/libsystem_sandbox.dylib
0x000000019a629000 	/usr/lib/system/libsystem_secinit.dylib
0x0000000190b74000 	/usr/lib/system/libsystem_kernel.dylib
0x0000000190bf7000 	/usr/lib/system/libsystem_platform.dylib
0x0000000190ba8000 	/usr/lib/system/libsystem_pthread.dylib
0x00000001969af000 	/usr/lib/system/libsystem_symptoms.dylib
0x0000000190944000 	/usr/lib/system/libsystem_trace.dylib
0x000000019a606000 	/usr/lib/system/libunwind.dylib
0x000000019090c000 	/usr/lib/system/libxpc.dylib
0x0000000190b5c000 	/usr/lib/libc++abi.dylib
0x0000000190a41000 	/usr/lib/libobjc.A.dylib
0x000000019a611000 	/usr/lib/liboah.dylib
0x0000000190b00000 	/usr/lib/libc++.1.dylib
0x0000000190c2a000 	/System/Library/Frameworks/CoreFoundation.framework/Versions/A/CoreFoundation
0x00000001919f1000 	/System/Library/Frameworks/Foundation.framework/Versions/C/Foundation
0x000000019345a000 	/System/Library/Frameworks/AppKit.framework/Versions/C/AppKit
0x0000000196278000 	/System/Library/Frameworks/CoreData.framework/Versions/A/CoreData
0x000000019419a000 	/System/Library/PrivateFrameworks/UIFoundation.framework/Versions/A/UIFoundation
0x000000019fca0000 	/System/Library/PrivateFrameworks/RemoteViewServices.framework/Versions/A/RemoteViewServices
0x0000000198eba000 	/System/Library/PrivateFrameworks/XCTTargetBootstrap.framework/Versions/A/XCTTargetBootstrap
0x000000019b7f9000 	/usr/lib/libspindump.dylib
0x00000001943c1000 	/System/Library/Frameworks/UniformTypeIdentifiers.framework/Versions/A/UniformTypeIdentifiers
0x00000001974a2000 	/usr/lib/libapp_launch_measurement.dylib
0x00000001974a5000 	/System/Library/PrivateFrameworks/CoreAutoLayout.framework/Versions/A/CoreAutoLayout
0x0000000198837000 	/System/Library/Frameworks/Metal.framework/Versions/A/Metal
0x0000000199496000 	/usr/lib/liblangid.dylib
0x0000000198ebe000 	/System/Library/PrivateFrameworks/CoreSVG.framework/Versions/A/CoreSVG
0x0000000195474000 	/System/Library/PrivateFrameworks/SkyLight.framework/Versions/A/SkyLight
0x00000001957df000 	/System/Library/Frameworks/CoreGraphics.framework/Versions/A/CoreGraphics
0x00000001a01c0000 	/System/Library/Frameworks/Accelerate.framework/Versions/A/Accelerate
0x000000019b253000 	/System/Library/PrivateFrameworks/IconServices.framework/Versions/A/IconServices
0x000000019881b000 	/System/Library/Frameworks/IOSurface.framework/Versions/A/IOSurface
0x0000000196b46000 	/usr/lib/libDiagnosticMessagesClient.dylib
0x0000000198ea2000 	/System/Library/PrivateFrameworks/DFRFoundation.framework/Versions/A/DFRFoundation
0x0000000192d4b000 	/usr/lib/libicucore.A.dylib
0x000000019cd4a000 	/System/Library/Frameworks/AudioToolbox.framework/Versions/A/AudioToolbox
0x000000019bf5f000 	/System/Library/PrivateFrameworks/DataDetectorsCore.framework/Versions/A/DataDetectorsCore
0x00000001953ef000 	/usr/lib/libMobileGestalt.dylib
0x0000000198b97000 	/System/Library/Frameworks/Carbon.framework/Versions/A/Frameworks/HIToolbox.framework/Versions/A/HIToolbox
0x0000000196f41000 	/System/Library/Frameworks/QuartzCore.framework/Versions/A/QuartzCore
0x000000019fcd8000 	/System/Library/Frameworks/Carbon.framework/Versions/A/Frameworks/SpeechRecognition.framework/Versions/A/SpeechRecognition
0x0000000197240000 	/System/Library/PrivateFrameworks/CoreUI.framework/Versions/A/CoreUI
0x00000001923cb000 	/System/Library/Frameworks/CoreAudio.framework/Versions/A/CoreAudio
0x0000000196c2f000 	/System/Library/Frameworks/DiskArbitration.framework/Versions/A/DiskArbitration
0x000000019bbac000 	/System/Library/PrivateFrameworks/MultitouchSupport.framework/Versions/A/MultitouchSupport
0x000000019bf56000 	/System/Library/PrivateFrameworks/InternationalSupport.framework/Versions/A/InternationalSupport
0x00000001953ed000 	/usr/lib/libenergytrace.dylib
0x0000000193334000 	/System/Library/Frameworks/IOKit.framework/Versions/A/IOKit
0x00000001a0003000 	/System/Library/Frameworks/CoreServices.framework/Versions/A/CoreServices
0x0000000197438000 	/System/Library/PrivateFrameworks/PerformanceAnalysis.framework/Versions/A/PerformanceAnalysis
0x00000001d2ba4000 	/System/Library/Frameworks/OpenGL.framework/Versions/A/OpenGL
0x000000019bfd4000 	/System/Library/PrivateFrameworks/UserActivity.framework/Versions/A/UserActivity
0x0000000195dcd000 	/System/Library/Frameworks/ColorSync.framework/Versions/A/ColorSync
0x0000000199108000 	/System/Library/Frameworks/CoreImage.framework/Versions/A/CoreImage
0x00000001921fb000 	/System/Library/Frameworks/CoreText.framework/Versions/A/CoreText
0x0000000198ee9000 	/System/Library/Frameworks/ImageIO.framework/Versions/A/ImageIO
0x000000019a645000 	/System/Library/PrivateFrameworks/SoftLinking.framework/Versions/A/SoftLinking
0x00000001974e8000 	/usr/lib/libxml2.2.dylib
0x000000019a8c5000 	/usr/lib/libcompression.dylib
0x000000019bea2000 	/System/Library/PrivateFrameworks/TextureIO.framework/Versions/A/TextureIO
0x000000019afb0000 	/usr/lib/libate.dylib
0x000000019adf9000 	/usr/lib/liblzma.5.dylib
0x0000000191706000 	/System/Library/Frameworks/SystemConfiguration.framework/Versions/A/SystemConfiguration
0x000000019a641000 	/usr/lib/libfakelink.dylib
0x0000000194f54000 	/System/Library/Frameworks/CFNetwork.framework/Versions/A/CFNetwork
0x000000019a78b000 	/usr/lib/libarchive.2.dylib
0x000000019178e000 	/usr/lib/libCRFSuite.dylib
0x0000000199e76000 	/usr/lib/libbsm.0.dylib
0x000000019480b000 	/usr/lib/libnetwork.dylib
0x000000019a646000 	/usr/lib/libpcap.A.dylib
0x00000001969a7000 	/usr/lib/libdns_services.dylib
0x000000019ae12000 	/usr/lib/libcoretls_cfhelpers.dylib
0x000000019a894000 	/usr/lib/libapple_nghttp2.dylib
0x000000019a5e0000 	/usr/lib/system/libkxld.dylib
0x0000000196638000 	/usr/lib/libsqlite3.dylib
0x000000019a392000 	/System/Library/PrivateFrameworks/AppleFSCompression.framework/Versions/A/AppleFSCompression
0x0000000199e5f000 	/usr/lib/libcoretls.dylib
0x000000019a8c0000 	/usr/lib/libpam.2.dylib
0x000000019aef9000 	/usr/lib/libxar.1.dylib
0x0000000199492000 	/System/Library/PrivateFrameworks/AppleSystemInfo.framework/Versions/A/AppleSystemInfo
0x0000000199aaf000 	/System/Library/PrivateFrameworks/IOMobileFramebuffer.framework/Versions/A/IOMobileFramebuffer
0x000000019a3a2000 	/usr/lib/libbz2.1.0.dylib
0x000000019a682000 	/usr/lib/libiconv.2.dylib
0x000000019a5d9000 	/usr/lib/libcharset.1.dylib
0x0000000197471000 	/System/Library/Frameworks/CoreServices.framework/Versions/A/Frameworks/FSEvents.framework/Versions/A/FSEvents
0x0000000192fc8000 	/System/Library/Frameworks/CoreServices.framework/Versions/A/Frameworks/CarbonCore.framework/Versions/A/CarbonCore
0x0000000196b95000 	/System/Library/Frameworks/CoreServices.framework/Versions/A/Frameworks/Metadata.framework/Versions/A/Metadata
0x000000019a3b4000 	/System/Library/Frameworks/CoreServices.framework/Versions/A/Frameworks/OSServices.framework/Versions/A/OSServices
0x000000019a7fc000 	/System/Library/Frameworks/CoreServices.framework/Versions/A/Frameworks/SearchKit.framework/Versions/A/SearchKit
0x0000000196933000 	/System/Library/Frameworks/CoreServices.framework/Versions/A/Frameworks/AE.framework/Versions/A/AE
0x00000001910d9000 	/System/Library/Frameworks/CoreServices.framework/Versions/A/Frameworks/LaunchServices.framework/Versions/A/LaunchServices
0x000000019ada6000 	/System/Library/Frameworks/CoreServices.framework/Versions/A/Frameworks/DictionaryServices.framework/Versions/A/DictionaryServices
0x000000019747e000 	/System/Library/Frameworks/CoreServices.framework/Versions/A/Frameworks/SharedFileList.framework/Versions/A/SharedFileList
0x0000000199e4f000 	/usr/lib/libCheckFix.dylib
0x000000019545a000 	/System/Library/PrivateFrameworks/TCC.framework/Versions/A/TCC
0x0000000199498000 	/System/Library/PrivateFrameworks/CoreNLP.framework/Versions/A/CoreNLP
0x0000000196b49000 	/System/Library/PrivateFrameworks/MetadataUtilities.framework/Versions/A/MetadataUtilities
0x00000001917c2000 	/usr/lib/libmecabra.dylib
0x000000019a135000 	/System/Library/Frameworks/MLCompute.framework/Versions/A/MLCompute
0x0000000199e87000 	/usr/lib/libmecab.dylib
0x0000000199ecd000 	/usr/lib/libgermantok.dylib
0x000000019a86d000 	/usr/lib/libThaiTokenizer.dylib
0x000000019af35000 	/usr/lib/libChineseTokenizer.dylib
0x000000019a8be000 	/System/Library/Frameworks/MetalPerformanceShaders.framework/Versions/A/MetalPerformanceShaders
0x0000000196c36000 	/System/Library/Frameworks/Accelerate.framework/Versions/A/Frameworks/vImage.framework/Versions/A/vImage
0x000000019ffe1000 	/System/Library/Frameworks/Accelerate.framework/Versions/A/Frameworks/vecLib.framework/Versions/A/vecLib
0x000000019af40000 	/System/Library/Frameworks/Accelerate.framework/Versions/A/Frameworks/vecLib.framework/Versions/A/libvMisc.dylib
0x00000001999ed000 	/System/Library/Frameworks/Accelerate.framework/Versions/A/Frameworks/vecLib.framework/Versions/A/libvDSP.dylib
0x00000001913ec000 	/System/Library/Frameworks/Accelerate.framework/Versions/A/Frameworks/vecLib.framework/Versions/A/libBLAS.dylib
0x000000019a8e9000 	/System/Library/Frameworks/Accelerate.framework/Versions/A/Frameworks/vecLib.framework/Versions/A/libLAPACK.dylib
0x0000000199ed2000 	/System/Library/Frameworks/Accelerate.framework/Versions/A/Frameworks/vecLib.framework/Versions/A/libLinearAlgebra.dylib
0x000000019a8ab000 	/System/Library/Frameworks/Accelerate.framework/Versions/A/Frameworks/vecLib.framework/Versions/A/libSparseBLAS.dylib
0x000000019a8e4000 	/System/Library/Frameworks/Accelerate.framework/Versions/A/Frameworks/vecLib.framework/Versions/A/libQuadrature.dylib
0x000000019952e000 	/System/Library/Frameworks/Accelerate.framework/Versions/A/Frameworks/vecLib.framework/Versions/A/libBNNS.dylib
0x00000001916a2000 	/System/Library/Frameworks/Accelerate.framework/Versions/A/Frameworks/vecLib.framework/Versions/A/libSparse.dylib
0x0000000199421000 	/System/Library/Frameworks/MetalPerformanceShaders.framework/Versions/A/Frameworks/MPSCore.framework/Versions/A/MPSCore
0x000000019a30a000 	/System/Library/Frameworks/MetalPerformanceShaders.framework/Versions/A/Frameworks/MPSImage.framework/Versions/A/MPSImage
0x0000000199ee7000 	/System/Library/Frameworks/MetalPerformanceShaders.framework/Versions/A/Frameworks/MPSNeuralNetwork.framework/Versions/A/MPSNeuralNetwork
0x000000019a288000 	/System/Library/Frameworks/MetalPerformanceShaders.framework/Versions/A/Frameworks/MPSMatrix.framework/Versions/A/MPSMatrix
0x000000019a0eb000 	/System/Library/Frameworks/MetalPerformanceShaders.framework/Versions/A/Frameworks/MPSRayIntersector.framework/Versions/A/MPSRayIntersector
0x000000019a2b7000 	/System/Library/Frameworks/MetalPerformanceShaders.framework/Versions/A/Frameworks/MPSNDArray.framework/Versions/A/MPSNDArray
0x0000000191312000 	/System/Library/PrivateFrameworks/MetalTools.framework/Versions/A/MetalTools
0x0000000199490000 	/System/Library/PrivateFrameworks/AggregateDictionary.framework/Versions/A/AggregateDictionary
0x0000000196b13000 	/System/Library/PrivateFrameworks/CoreAnalytics.framework/Versions/A/CoreAnalytics
0x000000019a86f000 	/System/Library/PrivateFrameworks/AppleSauce.framework/Versions/A/AppleSauce
0x000000019882d000 	/System/Library/PrivateFrameworks/IOAccelerator.framework/Versions/A/IOAccelerator
0x00000001d2b97000 	/System/Library/Frameworks/OpenGL.framework/Versions/A/Libraries/libCoreFSCache.dylib
0x0000000191d7e000 	/System/Library/PrivateFrameworks/LanguageModeling.framework/Versions/A/LanguageModeling
0x0000000199a9c000 	/System/Library/PrivateFrameworks/CoreEmoji.framework/Versions/A/CoreEmoji
0x0000000199526000 	/System/Library/PrivateFrameworks/LinguisticData.framework/Versions/A/LinguisticData
0x0000000191657000 	/System/Library/PrivateFrameworks/Lexicon.framework/Versions/A/Lexicon
0x000000019a778000 	/usr/lib/libcmph.dylib
0x0000000197451000 	/System/Library/Frameworks/OpenDirectory.framework/Versions/A/Frameworks/CFOpenDirectory.framework/Versions/A/CFOpenDirectory
0x0000000197443000 	/System/Library/Frameworks/OpenDirectory.framework/Versions/A/OpenDirectory
0x000000019ae14000 	/System/Library/PrivateFrameworks/APFS.framework/Versions/A/APFS
0x0000000199db8000 	/System/Library/Frameworks/SecurityFoundation.framework/Versions/A/SecurityFoundation
0x000000019af07000 	/usr/lib/libutil.dylib
0x00000001932f8000 	/System/Library/PrivateFrameworks/CoreServicesStore.framework/Versions/A/CoreServicesStore
0x0000000199e46000 	/System/Library/Frameworks/ServiceManagement.framework/Versions/A/ServiceManagement
0x000000019af0b000 	/usr/lib/libxslt.1.dylib
0x0000000199e3c000 	/System/Library/PrivateFrameworks/BackgroundTaskManagement.framework/Versions/A/BackgroundTaskManagement
0x000000019bdf1000 	/System/Library/Frameworks/ImageIO.framework/Versions/A/Resources/libRadiance.dylib
0x000000019bdfa000 	/System/Library/Frameworks/ImageIO.framework/Versions/A/Resources/libJPEG.dylib
0x000000019bd49000 	/System/Library/Frameworks/ImageIO.framework/Versions/A/Resources/libPng.dylib
0x000000019bd70000 	/System/Library/Frameworks/ImageIO.framework/Versions/A/Resources/libTIFF.dylib
0x000000019be4b000 	/System/Library/Frameworks/ImageIO.framework/Versions/A/Resources/libGIF.dylib
0x000000019bac6000 	/System/Library/Frameworks/ImageIO.framework/Versions/A/Resources/libJP2.dylib
0x000000019b21d000 	/usr/lib/libexpat.1.dylib
0x000000019ba82000 	/System/Library/PrivateFrameworks/AppleJPEG.framework/Versions/A/AppleJPEG
0x0000000198a3e000 	/System/Library/PrivateFrameworks/FontServices.framework/libFontParser.dylib
0x00000001968e5000 	/System/Library/PrivateFrameworks/RunningBoardServices.framework/Versions/A/RunningBoardServices
0x00000001a4fd2000 	/System/Library/PrivateFrameworks/IOSurfaceAccelerator.framework/Versions/A/IOSurfaceAccelerator
0x000000019bba8000 	/System/Library/PrivateFrameworks/WatchdogClient.framework/Versions/A/WatchdogClient
0x0000000191e6e000 	/System/Library/Frameworks/CoreDisplay.framework/Versions/A/CoreDisplay
0x0000000198946000 	/System/Library/Frameworks/CoreMedia.framework/Versions/A/CoreMedia
0x00000001975d5000 	/System/Library/Frameworks/CoreVideo.framework/Versions/A/CoreVideo
0x000000019bbe5000 	/System/Library/Frameworks/VideoToolbox.framework/Versions/A/VideoToolbox
0x0000000196862000 	/System/Library/PrivateFrameworks/BaseBoard.framework/Versions/A/BaseBoard
0x000000019b35a000 	/System/Library/PrivateFrameworks/PersistentConnection.framework/Versions/A/PersistentConnection
0x0000000196621000 	/System/Library/PrivateFrameworks/ProtocolBuffer.framework/Versions/A/ProtocolBuffer
0x000000019684b000 	/System/Library/PrivateFrameworks/CommonUtilities.framework/Versions/A/CommonUtilities
0x000000019ba47000 	/System/Library/PrivateFrameworks/Bom.framework/Versions/A/Bom
0x000000019bdec000 	/System/Library/PrivateFrameworks/GPUWrangler.framework/Versions/A/GPUWrangler
0x000000019bdcd000 	/System/Library/PrivateFrameworks/IOPresentment.framework/Versions/A/IOPresentment
0x000000019bdf4000 	/System/Library/PrivateFrameworks/DSExternalDisplay.framework/Versions/A/DSExternalDisplay
0x000000019be50000 	/System/Library/PrivateFrameworks/CMCaptureCore.framework/Versions/A/CMCaptureCore
0x000000019b7e2000 	/System/Library/PrivateFrameworks/AppServerSupport.framework/Versions/A/AppServerSupport
0x000000019d81a000 	/System/Library/PrivateFrameworks/perfdata.framework/Versions/A/perfdata
0x0000000199da8000 	/System/Library/PrivateFrameworks/AssertionServices.framework/Versions/A/AssertionServices
0x0000000191f91000 	/System/Library/PrivateFrameworks/AudioToolboxCore.framework/Versions/A/AudioToolboxCore
0x0000000198926000 	/System/Library/PrivateFrameworks/caulk.framework/Versions/A/caulk
0x00000001ac5e8000 	/System/Library/PrivateFrameworks/SystemPolicy.framework/Versions/A/SystemPolicy
0x000000019b042000 	/usr/lib/libIOReport.dylib
0x000000019d0b6000 	/usr/lib/libSMC.dylib
0x000000019bd16000 	/usr/lib/libAudioToolboxUtility.dylib
0x00000001acf6d000 	/usr/lib/libmis.dylib
0x00000001d2bf9000 	/System/Library/Frameworks/OpenGL.framework/Versions/A/Libraries/libGLU.dylib
0x00000001d2bb7000 	/System/Library/Frameworks/OpenGL.framework/Versions/A/Libraries/libGFXShared.dylib
0x00000001d2d9f000 	/System/Library/Frameworks/OpenGL.framework/Versions/A/Libraries/libGL.dylib
0x00000001d2bc0000 	/System/Library/Frameworks/OpenGL.framework/Versions/A/Libraries/libGLImage.dylib
0x00000001d2bb4000 	/System/Library/Frameworks/OpenGL.framework/Versions/A/Libraries/libCVMSPluginSupport.dylib
0x00000001d2b9e000 	/System/Library/Frameworks/OpenGL.framework/Versions/A/Libraries/libCoreVMClient.dylib
0x00000001a3b16000 	/System/Library/PrivateFrameworks/ASEProcessing.framework/Versions/A/ASEProcessing
0x000000019b381000 	/System/Library/PrivateFrameworks/GraphVisualizer.framework/Versions/A/GraphVisualizer
0x000000019b38f000 	/System/Library/PrivateFrameworks/FaceCore.framework/Versions/A/FaceCore
0x000000019b7a2000 	/System/Library/PrivateFrameworks/OTSVG.framework/Versions/A/OTSVG
0x00000001971fe000 	/System/Library/Frameworks/ApplicationServices.framework/Versions/A/Frameworks/ATS.framework/Versions/A/Resources/libFontRegistry.dylib
0x000000019b7ea000 	/System/Library/PrivateFrameworks/FontServices.framework/libhvf.dylib
0x00000001d2f3a000 	/System/Library/Frameworks/OpenCL.framework/Versions/A/OpenCL
0x000000019b1d1000 	/System/Library/PrivateFrameworks/AppleVA.framework/Versions/A/AppleVA
0x000000019cf02000 	/System/Library/Frameworks/ApplicationServices.framework/Versions/A/Frameworks/ATS.framework/Versions/A/ATS
0x000000019d215000 	/System/Library/Frameworks/ApplicationServices.framework/Versions/A/Frameworks/ColorSyncLegacy.framework/Versions/A/ColorSyncLegacy
0x0000000195ec3000 	/System/Library/Frameworks/ApplicationServices.framework/Versions/A/Frameworks/HIServices.framework/Versions/A/HIServices
0x000000019d1f4000 	/System/Library/Frameworks/ApplicationServices.framework/Versions/A/Frameworks/LangAnalysis.framework/Versions/A/LangAnalysis
0x000000019be5a000 	/System/Library/Frameworks/ApplicationServices.framework/Versions/A/Frameworks/PrintCore.framework/Versions/A/PrintCore
0x000000019d21d000 	/System/Library/Frameworks/ApplicationServices.framework/Versions/A/Frameworks/QD.framework/Versions/A/QD
0x000000019ceee000 	/System/Library/Frameworks/ApplicationServices.framework/Versions/A/Frameworks/SpeechSynthesis.framework/Versions/A/SpeechSynthesis
0x000000019be1b000 	/System/Library/Frameworks/ApplicationServices.framework/Versions/A/Frameworks/ATSUI.framework/Versions/A/ATSUI
0x000000019d196000 	/usr/lib/libcups.2.dylib
0x000000019d208000 	/System/Library/PrivateFrameworks/NetAuth.framework/Versions/A/NetAuth
0x000000019d834000 	/System/Library/Frameworks/Kerberos.framework/Versions/A/Kerberos
0x000000019d845000 	/System/Library/Frameworks/GSS.framework/Versions/A/GSS
0x000000019cf71000 	/usr/lib/libresolv.9.dylib
0x000000019b800000 	/System/Library/PrivateFrameworks/Heimdal.framework/Versions/A/Heimdal
0x00000001a3101000 	/System/Library/Frameworks/Kerberos.framework/Versions/A/Libraries/libHeimdalProxy.dylib
0x00000001969b7000 	/System/Library/Frameworks/Network.framework/Versions/A/Network
0x000000019b237000 	/usr/lib/libheimdal-asn1.dylib
0x000000019d88d000 	/System/Library/PrivateFrameworks/CommonAuth.framework/Versions/A/CommonAuth
0x0000000197629000 	/System/Library/PrivateFrameworks/login.framework/Versions/A/Frameworks/loginsupport.framework/Versions/A/loginsupport
0x000000019ce73000 	/System/Library/PrivateFrameworks/AudioSession.framework/Versions/A/AudioSession
0x000000019cedb000 	/usr/lib/libAudioStatistics.dylib
0x000000019b2b7000 	/System/Library/PrivateFrameworks/MediaExperience.framework/Versions/A/MediaExperience
0x000000019cd14000 	/System/Library/PrivateFrameworks/AudioSession.framework/libSessionUtility.dylib
0x000000019d826000 	/usr/lib/libperfcheck.dylib
0x000000019d229000 	/System/Library/PrivateFrameworks/AudioResourceArbitration.framework/Versions/A/AudioResourceArbitration
0x000000019b240000 	/System/Library/PrivateFrameworks/IconFoundation.framework/Versions/A/IconFoundation
0x000000019fcc8000 	/System/Library/PrivateFrameworks/SpeechRecognitionCore.framework/Versions/A/SpeechRecognitionCore
0x0000000105000000 	/Library/Java/JavaVirtualMachines/zulu-16.jre/Contents/Home/lib/server/libjvm.dylib
0x00000001007e4000 	/Library/Java/JavaVirtualMachines/zulu-16.jre/Contents/Home/lib/libjimage.dylib
0x0000000100848000 	/Library/Java/JavaVirtualMachines/zulu-16.jre/Contents/Home/lib/libjava.dylib
0x0000000100de0000 	/Library/Java/JavaVirtualMachines/zulu-16.jre/Contents/Home/lib/libnio.dylib
0x0000000100e00000 	/Library/Java/JavaVirtualMachines/zulu-16.jre/Contents/Home/lib/libnet.dylib
0x0000000100e24000 	/Library/Java/JavaVirtualMachines/zulu-16.jre/Contents/Home/lib/libzip.dylib
0x0000000100e3c000 	/Library/Java/JavaVirtualMachines/zulu-16.jre/Contents/Home/lib/libverify.dylib


VM Arguments:
jvm_args: -Xmx64m -Xms64m -Dorg.gradle.appname=gradlew 
java_command: org.gradle.wrapper.GradleWrapperMain javadoc
java_class_path (initial): /Users/samb/Documents/Programming/StuyPulse/StuyLib/gradle/wrapper/gradle-wrapper.jar
Launcher Type: SUN_STANDARD

[Global flags]
     intx CICompilerCount                          = 4                                         {product} {ergonomic}
     uint ConcGCThreads                            = 2                                         {product} {ergonomic}
     uint G1ConcRefinementThreads                  = 8                                         {product} {ergonomic}
   size_t G1HeapRegionSize                         = 1048576                                   {product} {ergonomic}
    uintx GCDrainStackTargetSize                   = 64                                        {product} {ergonomic}
   size_t InitialHeapSize                          = 67108864                                  {product} {command line}
   size_t MarkStackSize                            = 4194304                                   {product} {ergonomic}
   size_t MaxHeapSize                              = 67108864                                  {product} {command line}
   size_t MaxNewSize                               = 39845888                                  {product} {ergonomic}
   size_t MinHeapDeltaBytes                        = 1048576                                   {product} {ergonomic}
   size_t MinHeapSize                              = 67108864                                  {product} {command line}
    uintx NonNMethodCodeHeapSize                   = 5839564                                {pd product} {ergonomic}
    uintx NonProfiledCodeHeapSize                  = 122909338                              {pd product} {ergonomic}
    uintx ProfiledCodeHeapSize                     = 122909338                              {pd product} {ergonomic}
    uintx ReservedCodeCacheSize                    = 251658240                              {pd product} {ergonomic}
     bool SegmentedCodeCache                       = true                                      {product} {ergonomic}
   size_t SoftMaxHeapSize                          = 67108864                               {manageable} {ergonomic}
     bool UseCompressedClassPointers               = true                           {product lp64_product} {ergonomic}
     bool UseCompressedOops                        = true                           {product lp64_product} {ergonomic}
     bool UseG1GC                                  = true                                      {product} {ergonomic}
     bool UseNUMA                                  = false                                     {product} {ergonomic}
     bool UseNUMAInterleaving                      = false                                     {product} {ergonomic}

Logging:
Log output configuration:
 #0: stdout all=warning uptime,level,tags
 #1: stderr all=off uptime,level,tags

Environment Variables:
PATH=/Library/Developer/CommandLineTools:/opt/homebrew/opt/m4/bin:/Library/Frameworks/Python.framework/Versions/3.9/bin:/opt/homebrew/bin:/opt/homebrew/sbin:/usr/local/bin:/usr/bin:/bin:/usr/sbin:/sbin:/Library/Apple/usr/bin:/Library/Developer/CommandLineTools:/opt/homebrew/opt/m4/bin:/Library/Frameworks/Python.framework/Versions/3.9/bin:/opt/homebrew/bin:/opt/homebrew/sbin
SHELL=/bin/zsh
LANG=en_US.UTF-8

Signal Handlers:
SIGSEGV: [libjvm.dylib+0x9ace24], sa_mask[0]=11100110000111110111111111111111, sa_flags=SA_ONSTACK|SA_RESTART|SA_SIGINFO
SIGBUS: [libjvm.dylib+0x9ace24], sa_mask[0]=11100110000111110111111111111111, sa_flags=SA_RESTART|SA_SIGINFO
SIGFPE: [libjvm.dylib+0x9ace24], sa_mask[0]=11100110000111110111111111111111, sa_flags=SA_RESTART|SA_SIGINFO
SIGPIPE: [libjvm.dylib+0x896640], sa_mask[0]=11100110000111110111111111111111, sa_flags=SA_RESTART|SA_SIGINFO
SIGXFSZ: [libjvm.dylib+0x896640], sa_mask[0]=11100110000111110111111111111111, sa_flags=SA_RESTART|SA_SIGINFO
SIGILL: [libjvm.dylib+0x9ace24], sa_mask[0]=11100110000111110111111111111111, sa_flags=SA_RESTART|SA_SIGINFO
SIGUSR2: [libjvm.dylib+0x897078], sa_mask[0]=00000000000000000000000000000000, sa_flags=SA_RESTART|SA_SIGINFO
SIGHUP: [libjvm.dylib+0x8956f0], sa_mask[0]=11100110000111110111111111111111, sa_flags=SA_RESTART|SA_SIGINFO
SIGINT: [libjvm.dylib+0x8956f0], sa_mask[0]=11100110000111110111111111111111, sa_flags=SA_RESTART|SA_SIGINFO
SIGTERM: [libjvm.dylib+0x8956f0], sa_mask[0]=11100110000111110111111111111111, sa_flags=SA_RESTART|SA_SIGINFO
SIGQUIT: [libjvm.dylib+0x8956f0], sa_mask[0]=11100110000111110111111111111111, sa_flags=SA_RESTART|SA_SIGINFO
SIGTRAP: [libjvm.dylib+0x9ace24], sa_mask[0]=11100110000111110111111111111111, sa_flags=SA_RESTART|SA_SIGINFO


---------------  S Y S T E M  ---------------

OS:uname: Darwin 20.5.0 Darwin Kernel Version 20.5.0: Sat May  8 05:10:31 PDT 2021; root:xnu-7195.121.3~9/RELEASE_ARM64_T8101 arm64
OS uptime: 15 days 21:32 hours
rlimit (soft/hard): STACK 8176k/65520k , CORE 0k/infinity , NPROC 2666/4000 , NOFILE 10240/infinity , AS infinity/infinity , CPU infinity/infinity , DATA infinity/infinity , FSIZE infinity/infinity , MEMLOCK infinity/infinity , RSS infinity/infinity
load average: 4.47 3.39 3.34

CPU: total 8 (initial active 8) 0x61:0x0:0x1b588bb3:0, simd, crc, lse

Memory: 16k page, physical 16777216k(117760k free), swap 2097152k(715008k free)

vm_info: OpenJDK 64-Bit Server VM (16+36) for bsd-aarch64 JRE (16+36) (Zulu16.28+11-CA), built on Mar  9 2021 03:14:09 by "zulu_re" with clang Apple LLVM 12.0.0 (clang-1200.0.32.28)

END.
